Using pre-set license
Built from '2020.3/release' branch; Version is '2020.3.34f1 (9a4c9c70452b) revision 10112156'; Using compiler version '192528614'; Build Type 'Release'
OS: 'Windows 10  (10.0.19045) 64bit CoreSingleLanguage' Language: 'es' Physical Memory: 3460 MB
BatchMode: 1, IsHumanControllingUs: 0, StartBugReporterOnCrash: 0, Is64bit: 1, IsPro: 0

COMMAND LINE ARGUMENTS:
C:\Program Files\Unity\Hub\Editor\2020.3.34f1\Editor\Unity.exe
-adb2
-batchMode
-noUpm
-name
AssetImportWorker13
-projectPath
C:/Users/DrawH/Desktop/juegosudemy2018/Peleascursoudemy
-logFile
Logs/AssetImportWorker13.log
-srvPort
58073
Successfully changed project path to: C:/Users/DrawH/Desktop/juegosudemy2018/Peleascursoudemy
C:/Users/DrawH/Desktop/juegosudemy2018/Peleascursoudemy
Using Asset Import Pipeline V2.
Refreshing native plugins compatible for Editor in 632.87 ms, found 2 plugins.
Preloading 0 native plugins for Editor in 0.00 ms.
Initialize engine version: 2020.3.34f1 (9a4c9c70452b)
[Subsystems] Discovering subsystems at path C:/Program Files/Unity/Hub/Editor/2020.3.34f1/Editor/Data/Resources/UnitySubsystems
[Subsystems] Discovering subsystems at path C:/Users/DrawH/Desktop/juegosudemy2018/Peleascursoudemy/Assets
GfxDevice: creating device client; threaded=0
